Parse-Server-Starter-Project/ParseStarterProject/build/intermediates/manifest_merge_blame_file/debug/manifest-merger-blame-debug-report.txt
1<?xml version="1.0" encoding="utf-8"?>
2<!--
3  ~ Copyright (c) 2015-present, Parse, LLC.
4  ~ All rights reserved.
5  ~
6  ~ This source code is licensed under the BSD-style license found in the
7  ~ LICENSE file in the root directory of this source tree. An additional grant
8  ~ of patent rights can be found in the PATENTS file in the same directory.
9-->
10<manifest xmlns:android="http://schemas.android.com/apk/res/android"
11    package="com.parse.starter"
12    android:versionCode="1"
13    android:versionName="1.0" >
14
15    <uses-sdk
16        android:minSdkVersion="27"
16-->src/main/AndroidManifest.xml
17        android:targetSdkVersion="29" />
17-->src/main/AndroidManifest.xml
18
19    <uses-permission android:name="android.permission.INTERNET" />
19-->src/main/AndroidManifest.xml:12:5-67
19-->src/main/AndroidManifest.xml:12:22-64
20    <uses-permission android:name="android.permission.ACCESS_NETWORK_STATE" />
20-->src/main/AndroidManifest.xml:13:5-79
20-->src/main/AndroidManifest.xml:13:22-76
21    <uses-permission android:name="android.permission.READ_EXTERNAL_STORAGE" />
21-->src/main/AndroidManifest.xml:14:5-80
21-->src/main/AndroidManifest.xml:14:22-77
22    <uses-permission android:name="android.permission.ACCESS_FINE_LOCATION" />
22-->src/main/AndroidManifest.xml:16:5-79
22-->src/main/AndroidManifest.xml:16:22-76
23
24    <application
24-->src/main/AndroidManifest.xml:18:5-36:19
25        android:name="com.parse.starter.StarterApplication"
25-->src/main/AndroidManifest.xml:19:9-43
26        android:allowBackup="true"
26-->src/main/AndroidManifest.xml:20:9-35
27        android:appComponentFactory="androidx.core.app.CoreComponentFactory"
27-->[androidx.core:core:1.1.0] AndroidManifest.xml:24:18-86
28        android:debuggable="true"
29        android:icon="@mipmap/ic_launcher"
29-->src/main/AndroidManifest.xml:21:9-43
30        android:label="@string/app_name"
30-->src/main/AndroidManifest.xml:22:9-41
31        android:theme="@style/AppTheme" >
31-->src/main/AndroidManifest.xml:23:9-40
32        <activity
32-->src/main/AndroidManifest.xml:25:9-33:20
33            android:name="com.parse.starter.MainActivity"
33-->src/main/AndroidManifest.xml:26:13-41
34            android:label="@string/app_name" >
34-->src/main/AndroidManifest.xml:27:13-45
35            <intent-filter>
35-->src/main/AndroidManifest.xml:28:13-32:29
36                <action android:name="android.intent.action.MAIN" />
36-->src/main/AndroidManifest.xml:29:17-69
36-->src/main/AndroidManifest.xml:29:25-66
37
38                <category android:name="android.intent.category.LAUNCHER" />
38-->src/main/AndroidManifest.xml:31:17-77
38-->src/main/AndroidManifest.xml:31:27-74
39            </intent-filter>
40        </activity>
41    </application>
42
43</manifest>